# JRE version: OpenJDK Runtime Environment (8.0_202-b03) (build 1.8.0_202-release-1483-b03)
# Java VM: OpenJDK 64-Bit Server VM (25.202-b03 mixed mode windows-amd64 compressed oops)
Heap:
 PSYoungGen      total 180736K, used 15274K [0x00000000e0000000, 0x00000000efc00000, 0x0000000100000000)
  eden space 160256K, 0% used [0x00000000e0000000,0x00000000e0000000,0x00000000e9c80000)
  from space 20480K, 74% used [0x00000000e9c80000,0x00000000eab6aa40,0x00000000eb080000)
  to   space 20992K, 0% used [0x00000000ee780000,0x00000000ee780000,0x00000000efc00000)
 ParOldGen       total 202240K, used 25260K [0x00000000a0000000, 0x00000000ac580000, 0x00000000e0000000)
  object space 202240K, 12% used [0x00000000a0000000,0x00000000a18ab1b0,0x00000000ac580000)
 Metaspace       used 57422K, capacity 58984K, committed 59028K, reserved 1099776K
  class space    used 7737K, capacity 8087K, committed 8124K, reserved 1048576K
GC Heap History (10 events):
Event: 11.346 GC heap after
Heap after GC invocations=7 (full 1):
 PSYoungGen      total 133632K, used 7671K [0x00000000e0000000, 0x00000000eb680000, 0x0000000100000000)
  eden space 125952K, 0% used [0x00000000e0000000,0x00000000e0000000,0x00000000e7b00000)
  from space 7680K, 99% used [0x00000000e8800000,0x00000000e8f7ddf0,0x00000000e8f80000)
  to   space 13312K, 0% used [0x00000000e7b00000,0x00000000e7b00000,0x00000000e8800000)
 ParOldGen       total 121344K, used 13985K [0x00000000a0000000, 0x00000000a7680000, 0x00000000e0000000)
  object space 121344K, 11% used [0x00000000a0000000,0x00000000a0da8740,0x00000000a7680000)
 Metaspace       used 34473K, capacity 35200K, committed 35416K, reserved 1079296K
  class space    used 4734K, capacity 4906K, committed 4992K, reserved 1048576K
}
Event: 11.346 GC heap before
{Heap before GC invocations=8 (full 2):
 PSYoungGen      total 133632K, used 7671K [0x00000000e0000000, 0x00000000eb680000, 0x0000000100000000)
  eden space 125952K, 0% used [0x00000000e0000000,0x00000000e0000000,0x00000000e7b00000)
  from space 7680K, 99% used [0x00000000e8800000,0x00000000e8f7ddf0,0x00000000e8f80000)
  to   space 13312K, 0% used [0x00000000e7b00000,0x00000000e7b00000,0x00000000e8800000)
 ParOldGen       total 121344K, used 13985K [0x00000000a0000000, 0x00000000a7680000, 0x00000000e0000000)
  object space 121344K, 11% used [0x00000000a0000000,0x00000000a0da8740,0x00000000a7680000)
 Metaspace       used 34473K, capacity 35200K, committed 35416K, reserved 1079296K
  class space    used 4734K, capacity 4906K, committed 4992K, reserved 1048576K
Event: 11.521 GC heap after
Heap after GC invocations=8 (full 2):
 PSYoungGen      total 133632K, used 0K [0x00000000e0000000, 0x00000000eb680000, 0x0000000100000000)
  eden space 125952K, 0% used [0x00000000e0000000,0x00000000e0000000,0x00000000e7b00000)
  from space 7680K, 0% used [0x00000000e8800000,0x00000000e8800000,0x00000000e8f80000)
  to   space 13312K, 0% used [0x00000000e7b00000,0x00000000e7b00000,0x00000000e8800000)
 ParOldGen       total 202240K, used 16930K [0x00000000a0000000, 0x00000000ac580000, 0x00000000e0000000)
  object space 202240K, 8% used [0x00000000a0000000,0x00000000a10888f8,0x00000000ac580000)
 Metaspace       used 34460K, capacity 35158K, committed 35416K, reserved 1079296K
  class space    used 4730K, capacity 4899K, committed 4992K, reserved 1048576K
}
Event: 13.218 GC heap before
{Heap before GC invocations=9 (full 2):
 PSYoungGen      total 133632K, used 125952K [0x00000000e0000000, 0x00000000eb680000, 0x0000000100000000)
  eden space 125952K, 100% used [0x00000000e0000000,0x00000000e7b00000,0x00000000e7b00000)
  from space 7680K, 0% used [0x00000000e8800000,0x00000000e8800000,0x00000000e8f80000)
  to   space 13312K, 0% used [0x00000000e7b00000,0x00000000e7b00000,0x00000000e8800000)
 ParOldGen       total 202240K, used 16930K [0x00000000a0000000, 0x00000000ac580000, 0x00000000e0000000)
  object space 202240K, 8% used [0x00000000a0000000,0x00000000a10888f8,0x00000000ac580000)
 Metaspace       used 46049K, capacity 47046K, committed 47448K, reserved 1089536K
  class space    used 6166K, capacity 6426K, committed 6528K, reserved 1048576K
Event: 13.237 GC heap after
Heap after GC invocations=9 (full 2):
 PSYoungGen      total 139264K, used 13311K [0x00000000e0000000, 0x00000000ec080000, 0x0000000100000000)
  eden space 125952K, 0% used [0x00000000e0000000,0x00000000e0000000,0x00000000e7b00000)
  from space 13312K, 99% used [0x00000000e7b00000,0x00000000e87fff00,0x00000000e8800000)
  to   space 16384K, 0% used [0x00000000eb080000,0x00000000eb080000,0x00000000ec080000)
 ParOldGen       total 202240K, used 19831K [0x00000000a0000000, 0x00000000ac580000, 0x00000000e0000000)
  object space 202240K, 9% used [0x00000000a0000000,0x00000000a135dcd8,0x00000000ac580000)
 Metaspace       used 46049K, capacity 47046K, committed 47448K, reserved 1089536K
  class space    used 6166K, capacity 6426K, committed 6528K, reserved 1048576K
}
Event: 15.421 GC heap before
{Heap before GC invocations=10 (full 2):
 PSYoungGen      total 139264K, used 139263K [0x00000000e0000000, 0x00000000ec080000, 0x0000000100000000)
  eden space 125952K, 100% used [0x00000000e0000000,0x00000000e7b00000,0x00000000e7b00000)
  from space 13312K, 99% used [0x00000000e7b00000,0x00000000e87fff00,0x00000000e8800000)
  to   space 16384K, 0% used [0x00000000eb080000,0x00000000eb080000,0x00000000ec080000)
 ParOldGen       total 202240K, used 19831K [0x00000000a0000000, 0x00000000ac580000, 0x00000000e0000000)
  object space 202240K, 9% used [0x00000000a0000000,0x00000000a135dcd8,0x00000000ac580000)
 Metaspace       used 56239K, capacity 57856K, committed 58072K, reserved 1099776K
  class space    used 7534K, capacity 7915K, committed 7936K, reserved 1048576K
Event: 15.473 GC heap after
Heap after GC invocations=10 (full 2):
 PSYoungGen      total 176640K, used 16359K [0x00000000e0000000, 0x00000000ece80000, 0x0000000100000000)
  eden space 160256K, 0% used [0x00000000e0000000,0x00000000e0000000,0x00000000e9c80000)
  from space 16384K, 99% used [0x00000000eb080000,0x00000000ec079de8,0x00000000ec080000)
  to   space 20480K, 0% used [0x00000000e9c80000,0x00000000e9c80000,0x00000000eb080000)
 ParOldGen       total 202240K, used 25252K [0x00000000a0000000, 0x00000000ac580000, 0x00000000e0000000)
  object space 202240K, 12% used [0x00000000a0000000,0x00000000a18a91b0,0x00000000ac580000)
 Metaspace       used 56239K, capacity 57856K, committed 58072K, reserved 1099776K
  class space    used 7534K, capacity 7915K, committed 7936K, reserved 1048576K
}
Event: 15.673 GC heap before
{Heap before GC invocations=11 (full 2):
 PSYoungGen      total 176640K, used 34611K [0x00000000e0000000, 0x00000000ece80000, 0x0000000100000000)
  eden space 160256K, 11% used [0x00000000e0000000,0x00000000e11d3160,0x00000000e9c80000)
  from space 16384K, 99% used [0x00000000eb080000,0x00000000ec079de8,0x00000000ec080000)
  to   space 20480K, 0% used [0x00000000e9c80000,0x00000000e9c80000,0x00000000eb080000)
 ParOldGen       total 202240K, used 25252K [0x00000000a0000000, 0x00000000ac580000, 0x00000000e0000000)
  object space 202240K, 12% used [0x00000000a0000000,0x00000000a18a91b0,0x00000000ac580000)
 Metaspace       used 57422K, capacity 58984K, committed 59028K, reserved 1099776K
  class space    used 7737K, capacity 8087K, committed 8124K, reserved 1048576K
Event: 15.697 GC heap after
Heap after GC invocations=11 (full 2):
 PSYoungGen      total 180736K, used 15274K [0x00000000e0000000, 0x00000000efc00000, 0x0000000100000000)
  eden space 160256K, 0% used [0x00000000e0000000,0x00000000e0000000,0x00000000e9c80000)
  from space 20480K, 74% used [0x00000000e9c80000,0x00000000eab6aa40,0x00000000eb080000)
  to   space 20992K, 0% used [0x00000000ee780000,0x00000000ee780000,0x00000000efc00000)
 ParOldGen       total 202240K, used 25260K [0x00000000a0000000, 0x00000000ac580000, 0x00000000e0000000)
  object space 202240K, 12% used [0x00000000a0000000,0x00000000a18ab1b0,0x00000000ac580000)
 Metaspace       used 57422K, capacity 58984K, committed 59028K, reserved 1099776K
  class space    used 7737K, capacity 8087K, committed 8124K, reserved 1048576K
}
Event: 15.697 GC heap before
{Heap before GC invocations=12 (full 3):
 PSYoungGen      total 180736K, used 15274K [0x00000000e0000000, 0x00000000efc00000, 0x0000000100000000)
  eden space 160256K, 0% used [0x00000000e0000000,0x00000000e0000000,0x00000000e9c80000)
  from space 20480K, 74% used [0x00000000e9c80000,0x00000000eab6aa40,0x00000000eb080000)
  to   space 20992K, 0% used [0x00000000ee780000,0x00000000ee780000,0x00000000efc00000)
 ParOldGen       total 202240K, used 25260K [0x00000000a0000000, 0x00000000ac580000, 0x00000000e0000000)
  object space 202240K, 12% used [0x00000000a0000000,0x00000000a18ab1b0,0x00000000ac580000)
 Metaspace       used 57422K, capacity 58984K, committed 59028K, reserved 1099776K
  class space    used 7737K, capacity 8087K, committed 8124K, reserved 1048576K

